
> dashboard@0.1.0 dev E:\DESARROLLO\MySaaS\IA-ContactCenter-Saas\apps\web
> next dev "-p" "3001"

[baseline-browser-mapping] The data in this module is over two months old.  To ensure accurate Baseline data, please update: `npm i baseline-browser-mapping@latest -D`
 ⚠ Warning: Next.js inferred your workspace root, but it may not be correct.
 We detected multiple lockfiles and selected the directory of E:\DESARROLLO\MySaaS\IA-ContactCenter-Saas\pnpm-lock.yaml as the root directory.
 To silence this warning, set `turbopack.root` in your Next.js config, or consider removing one of the lockfiles if it's not needed.
   See https://nextjs.org/docs/app/api-reference/config/next-config-js/turbopack#root-directory for more information.
 Detected additional lockfiles: 
   * E:\DESARROLLO\MySaaS\IA-ContactCenter-Saas\apps\web\package-lock.json

   ▲ Next.js 16.0.10 (Turbopack)
   - Local:         http://localhost:3001
   - Network:       http://192.168.1.44:3001
   - Environments: .env.local

 ✓ Starting...
 ✓ Ready in 17.1s
 ○ Compiling / ...
 GET / 200 in 14.3s (compile: 14.1s, render: 189ms)
 GET /api/aap/leads/wow-campaigns/ 200 in 2.6s (compile: 921ms, render: 1656ms)
 GET /api/campaigns/2177b663-e33e-4484-b605-7186ab17fbb3/settings/ 200 in 1693ms (compile: 997ms, render: 695ms)
 PATCH /api/campaigns/2177b663-e33e-4484-b605-7186ab17fbb3/settings/ 200 in 933ms (compile: 9ms, render: 923ms)
 GET /api/campaigns/2177b663-e33e-4484-b605-7186ab17fbb3/settings/ 200 in 747ms (compile: 7ms, render: 739ms)
 POST /api/tenant/members/ 200 in 456ms (compile: 250ms, render: 206ms)
 PATCH /api/campaigns/2177b663-e33e-4484-b605-7186ab17fbb3/settings/ 403 in 501ms (compile: 7ms, render: 494ms)
 DELETE /api/tenant/members/828366ca-9725-4dae-86c2-853c89fe9864/ 200 in 1004ms (compile: 812ms, render: 193ms)
 GET /api/campaigns/2177b663-e33e-4484-b605-7186ab17fbb3/settings/ 200 in 1448ms (compile: 23ms, render: 1425ms)
 PATCH /api/campaigns/2177b663-e33e-4484-b605-7186ab17fbb3/settings/ 200 in 903ms (compile: 7ms, render: 896ms)
 GET /api/campaigns/2177b663-e33e-4484-b605-7186ab17fbb3/settings/ 200 in 711ms (compile: 7ms, render: 704ms)
 POST /api/tenant/create/ 200 in 446ms (compile: 240ms, render: 205ms)
 POST /api/tenant/switch/ 200 in 376ms (compile: 178ms, render: 198ms)
 GET /api/campaigns/2177b663-e33e-4484-b605-7186ab17fbb3/settings/ 404 in 698ms (compile: 7ms, render: 691ms)
 POST /api/tenant/switch/ 200 in 193ms (compile: 1465µs, render: 191ms)
 POST /api/campaigns/ 201 in 2.8s (compile: 354ms, render: 2.4s)
 GET /api/campaigns/fb64cf75-e2ec-476a-81c9-05b71f6ba0c6/settings/ 200 in 814ms (compile: 109ms, render: 705ms)
 POST /api/tenant/members/ 200 in 217ms (compile: 18ms, render: 199ms)
 POST /api/campaigns/ 403 in 487ms (compile: 1449µs, render: 485ms)
 DELETE /api/tenant/members/2fa65fcf-62d6-41bf-86ba-e4ea13c2b6a5/ 200 in 210ms (compile: 19ms, render: 191ms)
 POST /api/leads/intake/ 201 in 1913ms (compile: 237ms, render: 1676ms)
 POST /api/tenant/members/ 200 in 213ms (compile: 13ms, render: 199ms)
 POST /api/leads/intake/ 403 in 516ms (compile: 1499µs, render: 515ms)
 DELETE /api/tenant/members/cb7f5bcf-7213-49b0-9e4d-561517d2c829/ 200 in 214ms (compile: 23ms, render: 191ms)
 POST /api/leads/intake/ 500 in 2.6s (compile: 60ms, render: 2.6s)
 POST /api/leads/intake/ 201 in 2.3s (compile: 49ms, render: 2.3s)
 POST /api/leads/intake/ 201 in 1561ms (compile: 2ms, render: 1559ms)
 POST /api/leads/intake/ 201 in 2.5s (compile: 2ms, render: 2.5s)
 POST /api/leads/intake/ 201 in 1917ms (compile: 1514µs, render: 1916ms)
 POST /api/leads/intake/ 201 in 2.7s (compile: 1944µs, render: 2.7s)
 POST /api/leads/intake/ 201 in 1603ms (compile: 1649µs, render: 1601ms)
 POST /api/tenant/members/ 200 in 281ms (compile: 2ms, render: 279ms)
 POST /api/leads/intake/ 403 in 960ms (compile: 1437µs, render: 958ms)
 DELETE /api/tenant/members/f4834cd1-d527-4653-a759-37335ef3eabc/ 200 in 207ms (compile: 9ms, render: 198ms)
 POST /api/campaigns/ 201 in 1589ms (compile: 23ms, render: 1565ms)
 GET /api/campaigns/36532057-d13a-4966-91f3-533199cf95f7/settings/ 200 in 724ms (compile: 33ms, render: 690ms)
 POST /api/tenant/members/ 200 in 209ms (compile: 1864µs, render: 208ms)
 POST /api/campaigns/ 403 in 499ms (compile: 1647µs, render: 498ms)
 DELETE /api/tenant/members/409dada2-98d0-445e-8454-fdd073a8823e/ 200 in 196ms (compile: 8ms, render: 189ms)
 POST /api/leads/intake/ 201 in 2.1s (compile: 2ms, render: 2.1s)
 POST /api/leads/intake/ 201 in 1297ms (compile: 1609µs, render: 1296ms)
 POST /api/tenant/members/ 200 in 194ms (compile: 1824µs, render: 192ms)
 POST /api/leads/intake/ 403 in 537ms (compile: 1574µs, render: 535ms)
 DELETE /api/tenant/members/dcbfead7-fcc2-4f04-ab16-2b38652c0f23/ 200 in 199ms (compile: 8ms, render: 191ms)
 POST /api/leads/intake/ 201 in 2.3s (compile: 115ms, render: 2.2s)
 POST /api/tenant/members/ 200 in 202ms (compile: 1404µs, render: 200ms)
 POST /api/leads/intake/ 403 in 528ms (compile: 1425µs, render: 527ms)
 DELETE /api/tenant/members/3d1f50f0-a259-4e81-b73c-51ca15e06286/ 200 in 202ms (compile: 7ms, render: 195ms)
 POST /api/leads/intake/ 201 in 2.2s (compile: 19ms, render: 2.2s)
 GET /api/aap/leads/wow-queue/?q=SMK-WQ-1775027163197&limit=5 400 in 1147ms (compile: 420ms, render: 726ms)
 POST /api/leads/intake/ 201 in 2.0s (compile: 2ms, render: 2.0s)
 GET /api/aap/leads/wow-queue/?q=SMK-WQ-1775027252435&limit=5 200 in 1022ms (compile: 32ms, render: 990ms)
 POST /api/leads/intake/ 201 in 2.0s (compile: 1528µs, render: 2.0s)
 GET /api/aap/leads/wow-queue/?campaign_id=36532057-d13a-4966-91f3-533199cf95f7&q=999654321&limit=50 200 in 928ms (compile: 1733µs, render: 926ms)
 POST /api/tenant/members/ 200 in 222ms (compile: 25ms, render: 197ms)
 POST /api/aap/leads/work-queue/assign/ 500 in 888ms (compile: 176ms, render: 712ms)
 POST /api/leads/intake/ 201 in 2.1s (compile: 2ms, render: 2.1s)
 GET /api/aap/leads/wow-queue/?campaign_id=36532057-d13a-4966-91f3-533199cf95f7&q=999654321&limit=50 200 in 1039ms (compile: 1538µs, render: 1038ms)
 POST /api/tenant/members/ 200 in 201ms (compile: 1531µs, render: 200ms)
 POST /api/aap/leads/work-queue/assign/ 200 in 1165ms (compile: 1416µs, render: 1164ms)
 POST /api/aap/leads/work-queue/assign/ 200 in 883ms (compile: 1552µs, render: 881ms)
 POST /api/aap/leads/work-queue/assign/ 200 in 899ms (compile: 1493µs, render: 898ms)
 POST /api/aap/leads/work-queue/assign/ 403 in 493ms (compile: 1522µs, render: 492ms)
 DELETE /api/tenant/members/9eaf8aaf-05f8-43b5-92b8-851aa448353a/ 200 in 232ms (compile: 33ms, render: 198ms)
 POST /api/leads/intake/ 201 in 2.1s (compile: 2ms, render: 2.1s)
 GET /api/aap/leads/wow-queue/?campaign_id=36532057-d13a-4966-91f3-533199cf95f7&q=988776655&limit=20 200 in 1028ms (compile: 1456µs, render: 1026ms)
 POST /api/tenant/members/ 200 in 199ms (compile: 1584µs, render: 198ms)
 POST /api/aap/leads/work-queue/assign/ 200 in 1103ms (compile: 1484µs, render: 1102ms)
 POST /api/aap/leads/work-queue/assign/ 200 in 893ms (compile: 1545µs, render: 892ms)
 POST /api/aap/leads/work-queue/assign/ 200 in 903ms (compile: 1408µs, render: 902ms)
 POST /api/aap/leads/work-queue/assign/ 200 in 978ms (compile: 1432µs, render: 977ms)
 GET /api/aap/leads/wow-queue/?campaign_id=36532057-d13a-4966-91f3-533199cf95f7&q=988776655&limit=20 200 in 1036ms (compile: 1616µs, render: 1034ms)
 POST /api/aap/leads/work-queue/assign/ 400 in 896ms (compile: 1906µs, render: 894ms)
 POST /api/aap/leads/work-queue/assign/ 403 in 680ms (compile: 1490µs, render: 679ms)
 POST /api/aap/leads/work-queue/assign/ 404 in 855ms (compile: 3ms, render: 852ms)
 DELETE /api/tenant/members/d54ecb40-2fef-422a-b3ed-d4031ec0ec86/ 200 in 209ms (compile: 7ms, render: 202ms)
 POST /api/leads/intake/ 201 in 2.3s (compile: 2ms, render: 2.3s)
 GET /api/aap/leads/wow-queue/?campaign_id=36532057-d13a-4966-91f3-533199cf95f7&q=988776655&limit=20 200 in 1169ms (compile: 31ms, render: 1138ms)
 POST /api/tenant/members/ 200 in 196ms (compile: 1457µs, render: 194ms)
 POST /api/aap/leads/work-queue/assign/ 200 in 1081ms (compile: 1451µs, render: 1079ms)
 POST /api/aap/leads/work-queue/assign/ 200 in 901ms (compile: 1448µs, render: 900ms)
 POST /api/aap/leads/work-queue/assign/ 200 in 952ms (compile: 1404µs, render: 950ms)
 POST /api/aap/leads/work-queue/assign/ 200 in 894ms (compile: 1439µs, render: 893ms)
 GET /api/aap/leads/wow-queue/?campaign_id=36532057-d13a-4966-91f3-533199cf95f7&q=988776655&limit=20 200 in 1127ms (compile: 1476µs, render: 1125ms)
 POST /api/aap/leads/work-queue/assign/ 400 in 929ms (compile: 1699µs, render: 927ms)
 POST /api/aap/leads/work-queue/assign/ 403 in 570ms (compile: 1576µs, render: 568ms)
 POST /api/aap/leads/work-queue/assign/ 404 in 676ms (compile: 1961µs, render: 674ms)
 DELETE /api/tenant/members/5f7820aa-763b-4445-b6b9-6d4a80de7a1c/ 200 in 199ms (compile: 8ms, render: 191ms)
 POST /api/leads/intake/ 201 in 2.0s (compile: 1711µs, render: 2.0s)
 POST /api/aap/leads/work-queue/assign/ 500 in 870ms (compile: 35ms, render: 834ms)
 POST /api/leads/intake/ 201 in 2.2s (compile: 1478µs, render: 2.2s)
 POST /api/aap/leads/work-queue/assign/ 409 in 1145ms (compile: 33ms, render: 1112ms)
 POST /api/leads/intake/ 201 in 2.9s (compile: 1764µs, render: 2.9s)
 GET /api/aap/leads/wow-queue/?campaign_id=36532057-d13a-4966-91f3-533199cf95f7&q=999654321&limit=50 200 in 1235ms (compile: 48ms, render: 1186ms)
 POST /api/tenant/members/ 200 in 205ms (compile: 1348µs, render: 204ms)
 POST /api/aap/leads/work-queue/assign/ 200 in 1276ms (compile: 1455µs, render: 1274ms)
 POST /api/aap/leads/work-queue/assign/ 200 in 1098ms (compile: 1541µs, render: 1097ms)
 POST /api/aap/leads/work-queue/assign/ 200 in 1082ms (compile: 1476µs, render: 1081ms)
 POST /api/aap/leads/work-queue/assign/ 403 in 537ms (compile: 1463µs, render: 536ms)
 DELETE /api/tenant/members/10972e34-5852-4eee-ae99-075038bb4e63/ 200 in 200ms (compile: 7ms, render: 193ms)
 POST /api/leads/intake/ 201 in 2.1s (compile: 2ms, render: 2.1s)
 POST /api/aap/leads/work-queue/assign/ 200 in 1268ms (compile: 1479µs, render: 1266ms)
 POST /api/aap/leads/work-queue/assign/ 200 in 927ms (compile: 1569µs, render: 925ms)
 POST /api/aap/leads/work-queue/assign/ 200 in 857ms (compile: 1489µs, render: 855ms)
 GET /api/aap/leads/wow-queue/?campaign_id=36532057-d13a-4966-91f3-533199cf95f7&q=999654322&limit=50 200 in 1156ms (compile: 1629µs, render: 1155ms)
 POST /api/leads/intake/ 201 in 2.0s (compile: 1473µs, render: 2.0s)
 GET /api/aap/leads/wow-queue/?campaign_id=36532057-d13a-4966-91f3-533199cf95f7&q=999654321&limit=50 200 in 1162ms (compile: 1406µs, render: 1161ms)
 POST /api/tenant/members/ 200 in 207ms (compile: 1434µs, render: 205ms)
 POST /api/aap/leads/work-queue/assign/ 200 in 1083ms (compile: 1440µs, render: 1082ms)
 POST /api/aap/leads/work-queue/assign/ 200 in 879ms (compile: 2ms, render: 877ms)
 POST /api/aap/leads/work-queue/assign/ 200 in 961ms (compile: 1566µs, render: 960ms)
 POST /api/aap/leads/work-queue/assign/ 403 in 545ms (compile: 2ms, render: 543ms)
 DELETE /api/tenant/members/6e960bca-d66f-499b-aa61-be408e62fb87/ 200 in 205ms (compile: 7ms, render: 198ms)
 POST /api/leads/intake/ 201 in 2.0s (compile: 1549µs, render: 2.0s)
 POST /api/aap/leads/work-queue/assign/ 200 in 1271ms (compile: 1409µs, render: 1270ms)
 POST /api/aap/leads/work-queue/assign/ 200 in 997ms (compile: 1341µs, render: 996ms)
 POST /api/aap/leads/work-queue/assign/ 200 in 924ms (compile: 2ms, render: 922ms)
 GET /api/aap/leads/wow-queue/?campaign_id=36532057-d13a-4966-91f3-533199cf95f7&q=999654323&limit=50 200 in 1116ms (compile: 1476µs, render: 1115ms)
 POST /api/aap/leads/work-queue/assign/ 404 in 696ms (compile: 1528µs, render: 694ms)
 POST /api/tenant/members/ 200 in 207ms (compile: 1476µs, render: 205ms)
 POST /api/aap/leads/work-queue/assign/ 403 in 564ms (compile: 1542µs, render: 563ms)
 POST /api/leads/intake/ 201 in 1289ms (compile: 2ms, render: 1287ms)
 POST /api/aap/leads/work-queue/assign/ 200 in 1219ms (compile: 1412µs, render: 1218ms)
 DELETE /api/tenant/members/2815eabc-0198-4cce-bf17-5ab775e91792/ 200 in 197ms (compile: 7ms, render: 190ms)
 POST /api/leads/intake/ 201 in 3.2s (compile: 62ms, render: 3.2s)
 POST /api/leads/intake/ 201 in 1642ms (compile: 1788µs, render: 1640ms)
 POST /api/aap/leads/work-queue/assign/ 200 in 1697ms (compile: 51ms, render: 1645ms)
 POST /api/aap/leads/work-queue/assign/ 200 in 1731ms (compile: 1634µs, render: 1730ms)
 GET /api/aap/leads/7f70a151-81a2-442c-8079-8c15dcaa6b8d/timeline/?limit=120 404 in 1618ms (compile: 708ms, render: 910ms)
 GET /api/aap/leads/7f70a151-81a2-442c-8079-8c15dcaa6b8d/timeline/ 401 in 10ms (compile: 7ms, render: 3ms)
 GET /api/aap/leads/11111111-1111-4111-8111-111111111111/timeline/ 404 in 690ms (compile: 1686µs, render: 688ms)
 POST /api/leads/intake/ 201 in 2.3s (compile: 1823µs, render: 2.3s)
 POST /api/leads/intake/ 201 in 1530ms (compile: 1504µs, render: 1528ms)
 POST /api/aap/leads/work-queue/assign/ 200 in 1674ms (compile: 1750µs, render: 1672ms)
 POST /api/aap/leads/work-queue/assign/ 200 in 1709ms (compile: 1436µs, render: 1708ms)
 GET /api/aap/leads/28ad15fc-eb9c-4687-bd35-d15ba9a1784b/timeline/?limit=120 200 in 937ms (compile: 8ms, render: 930ms)
 GET /api/aap/leads/28ad15fc-eb9c-4687-bd35-d15ba9a1784b/timeline/ 401 in 10ms (compile: 7ms, render: 3ms)
 GET /api/aap/leads/11111111-1111-4111-8111-111111111111/timeline/ 404 in 689ms (compile: 1525µs, render: 688ms)
 POST /api/leads/intake/ 201 in 2.3s (compile: 65ms, render: 2.2s)
 POST /api/leads/intake/ 201 in 1519ms (compile: 1419µs, render: 1517ms)
 POST /api/aap/leads/work-queue/assign/ 200 in 1633ms (compile: 1393µs, render: 1632ms)
 POST /api/aap/leads/work-queue/assign/ 200 in 1687ms (compile: 1444µs, render: 1686ms)
 POST /api/aap/leads/work-queue/assign/ 200 in 1377ms (compile: 1432µs, render: 1376ms)
 POST /api/aap/leads/work-queue/assign/ 200 in 1473ms (compile: 1760µs, render: 1471ms)
 POST /api/aap/leads/work-queue/assign/ 200 in 1359ms (compile: 1552µs, render: 1357ms)
 GET /api/aap/leads/f75a7958-d7c7-49a9-b6e8-d054622e353e/timeline/?limit=120 200 in 948ms (compile: 7ms, render: 941ms)
 GET /api/aap/leads/f75a7958-d7c7-49a9-b6e8-d054622e353e/timeline/ 401 in 10ms (compile: 7ms, render: 3ms)
 GET /api/aap/leads/11111111-1111-4111-8111-111111111111/timeline/ 404 in 678ms (compile: 1659µs, render: 677ms)
 POST /api/leads/intake/ 500 in 2.0s (compile: 60ms, render: 1966ms)
 POST /api/leads/intake/ 201 in 2.3s (compile: 1937µs, render: 2.3s)
 POST /api/aap/leads/work-queue/assign/ 200 in 1518ms (compile: 37ms, render: 1481ms)
 GET /api/aap/leads/wow-queue/?campaign_id=36532057-d13a-4966-91f3-533199cf95f7&q=999654323&limit=50 400 in 772ms (compile: 48ms, render: 724ms)
 POST /api/leads/intake/ 201 in 2.2s (compile: 1568µs, render: 2.2s)
 POST /api/aap/leads/work-queue/assign/ 200 in 1542ms (compile: 2ms, render: 1540ms)
 GET /api/aap/leads/wow-queue/?campaign_id=36532057-d13a-4966-91f3-533199cf95f7&q=999654323&limit=50 200 in 1115ms (compile: 28ms, render: 1087ms)
 POST /api/leads/intake/ 201 in 2.2s (compile: 1456µs, render: 2.2s)
 GET /api/aap/leads/wow-queue/?campaign_id=36532057-d13a-4966-91f3-533199cf95f7&q=999654321&limit=50 200 in 1145ms (compile: 1421µs, render: 1143ms)
 POST /api/tenant/members/ 200 in 222ms (compile: 22ms, render: 200ms)
 POST /api/aap/leads/work-queue/assign/ 200 in 1678ms (compile: 1975µs, render: 1676ms)
 POST /api/aap/leads/work-queue/assign/ 200 in 1425ms (compile: 1519µs, render: 1423ms)
 POST /api/aap/leads/work-queue/assign/ 200 in 1451ms (compile: 1504µs, render: 1449ms)
 POST /api/aap/leads/work-queue/assign/ 403 in 542ms (compile: 1481µs, render: 541ms)
 DELETE /api/tenant/members/7a0250f5-dc43-4d59-87ba-f190665eab7f/ 200 in 234ms (compile: 29ms, render: 205ms)
 GET /api/aap/leads/wow-stats/ 200 in 3.1s (compile: 480ms, render: 2.6s)
 GET /api/aap/leads/wow-queue/?q=999654323&limit=5 200 in 1885ms (compile: 1521µs, render: 1883ms)
 ○ Compiling /api/aap/leads/manager-view ...
 GET /api/aap/leads/manager-view/?limit=20 401 in 4.8s (compile: 4.8s, render: 51ms)
[tenant-resolver] fallback tenant activo (token_sin_tenant_resuelto). Revisa sesión/auth/tenant_users.
 GET /api/aap/leads/manager-view/?limit=20 500 in 1102ms (compile: 3ms, render: 1099ms)
[tenant-resolver] fallback tenant activo (token_sin_tenant_resuelto). Revisa sesión/auth/tenant_users.
 GET /api/aap/leads/manager-view/?limit=20 403 in 889ms (compile: 188ms, render: 702ms)
 GET / 200 in 1316ms (compile: 961ms, render: 355ms)
 ○ Compiling /dashboard ...
 GET /dashboard/ 200 in 5.5s (compile: 5.5s, render: 37ms)
 GET /dashboard/ 200 in 457ms (compile: 71ms, render: 386ms)
